Number of Spheres: 1896
Domain Length (x,y,z):  1, 1, 1
Media porosity: 0.36
log(r) Normal with mean -3.21402, variance 0.1
Mean coordination No. 10.7773
0.00783666 0.485601 0.710132 0.0569629
0.8056 0.819831 0.789826 0.0411985
0.107974 0.200585 0.562806 0.0604344
0.597331 0.848588 0.670386 0.0318123
0.328284 0.844009 0.385849 0.0416506
0.622311 0.419675 0.157469 0.0486098
0.499979 0.724703 0.432715 0.0418867
0.517903 0.0790305 0.146302 0.0468057
0.81903 0.386921 0.348704 0.039168
0.272026 0.955045 0.64744 0.04012
0.309342 0.328216 0.113999 0.042229
0.344827 0.285321 0.727887 0.0547245
0.721448 0.97397 0.81746 0.0413811
0.11164 0.694361 0.434229 0.0750088
0.532392 0.983456 0.444982 0.038981
0.198212 0.237408 0.247742 0.0402747
0.470635 0.194979 0.604732 0.052485
0.779088 0.884067 0.126388 0.0317569
0.29754 0.181501 0.332878 0.028369
0.558505 0.290145 0.0306601 0.0359976
0.996489 0.454515 0.321203 0.03095
0.606997 0.687865 0.620731 0.0344868
0.8883 0.315668 0.831943 0.0588586
0.690178 0.234314 0.845459 0.0410889
0.207609 0.161252 0.967885 0.0365915
0.347991 0.0942915 0.5232 0.0632109
0.97735 0.322714 0.44168 0.0556003
0.893262 0.890354 0.534299 0.0418545
0.127243 0.330682 0.161774 0.0419363
0.112799 0.575721 0.99265 0.0364405
0.90494 0.0889378 0.543044 0.0388716
0.896255 0.0897912 0.860836 0.027202
0.934843 0.45676 0.89771 0.0305272
0.645066 0.212566 0.54365 0.0334649
0.305301 0.394394 0.0716615 0.0364368
0.894663 0.491618 0.859722 0.0348371
0.301454 0.701154 0.557436 0.0349297
0.356086 0.827433 0.572507 0.0463913
0.0396797 0.129484 0.537471 0.0347806
0.139703 0.543148 0.701646 0.0436696
0.390023 0.0628284 0.247787 0.0271184
0.442789 0.252093 0.0116819 0.0471642
0.517471 0.66116 0.935257 0.0234323
0.42346 0.574056 0.408563 0.041552
0.516121 0.224238 0.915051 0.0685075
0.36074 0.400451 0.697543 0.0653957
0.449561 0.543052 0.217023 0.0535265
0.754718 0.156662 0.249405 0.0320637
0.448089 0.317162 0.194797 0.0263009
0.673667 0.853829 0.905764 0.0780219
0.840827 0.61118 0.136056 0.042174
0.206534 0.00628898 0.141621 0.045277
0.24475 0.389853 0.646931 0.0598005
0.527627 0.162191 0.188388 0.0469041
0.636439 0.371014 0.236598 0.038496
0.686469 0.441908 0.517578 0.0315218
0.520144 0.47856 0.262691 0.0524291
0.00881108 0.800926 0.075799 0.0357783
0.238457 0.351872 0.0614687 0.0434394
0.0707515 0.460509 0.0166178 0.0299879
0.939817 0.817021 0.669859 0.0249011
0.44571 0.909412 0.136822 0.037056
0.66254 0.448291 0.0584423 0.0468157
0.0903611 0.822176 0.859917 0.0682131
0.630596 0.43294 0.31722 0.0376087
0.155128 0.656952 0.730243 0.0746815
0.100771 0.134704 0.843696 0.0381953
0.427078 0.133923 0.187261 0.0537489
0.777194 0.145172 0.582113 0.0489597
0.610205 0.927688 0.827324 0.0470197
0.885134 0.188299 0.596336 0.0681439
0.87759 0.29038 0.746248 0.0307454
0.684208 0.754825 0.547477 0.027806
0.832972 0.877714 0.691263 0.0396605
0.793929 0.768617 0.559829 0.0274558
0.589374 0.963482 0.555865 0.0268648
0.734492 0.26669 0.682843 0.0278686
0.639259 0.260462 0.681675 0.058492
0.135111 0.0466873 0.623351 0.0301828
0.162768 0.501143 0.468313 0.0330766
0.831576 0.582202 0.246135 0.0586225
0.803586 0.0319126 0.872713 0.0272617
0.401939 0.106638 0.665729 0.0225154
0.0154399 0.767054 0.739801 0.0472356
0.624654 0.884919 0.188677 0.0237472
0.745835 0.398506 0.0753145 0.0469003
0.446789 0.998232 0.845681 0.0325518
0.763375 0.584045 0.42691 0.0536573
0.793642 0.0662929 0.0709492 0.0424104
0.474591 0.604961 0.0240936 0.0307525
0.20637 0.769027 0.275904 0.0642978
0.794228 0.011128 0.453723 0.0481392
0.691513 0.303075 0.106408 0.0584299
0.465281 0.212966 0.501201 0.0429758
0.473693 0.757029 0.94464 0.0416723
0.0793349 0.0822443 0.795369 0.0356011
0.0879652 0.339143 0.0621809 0.028057
0.0892081 0.103562 0.651434 0.0481144
0.769885 0.151599 0.0971989 0.0357893
0.0319209 0.344468 0.831231 0.0432499
0.685524 0.00707301 0.963266 0.0287685
0.223584 0.722319 0.559564 0.041176
0.834864 0.138375 0.172296 0.0365032
0.745885 0.0754194 0.602373 0.0301365
0.378988 0.106593 0.81684 0.051773
0.5283 0.491028 0.147577 0.0636452
0.436771 0.050761 0.934634 0.026795
0.487009 0.542875 0.279912 0.0192804
0.0509262 0.963117 0.62774 0.059891
0.109226 0.97847 0.00297037 0.0351999
0.625995 0.107322 0.374812 0.0277476
0.208196 0.949463 0.963909 0.0350063
0.0315404 0.798681 0.277237 0.0419151
0.89333 0.442954 0.688839 0.0222062
0.227076 0.33434 0.44306 0.0333213
0.29497 0.977789 0.496102 0.0292425
0.79618 0.872593 0.747258 0.0272462
0.249905 0.478973 0.342757 0.0579416
0.641968 0.346385 0.728466 0.0393086
0.899765 0.828354 0.740461 0.0568704
0.272218 0.728065 0.34209 0.031776
0.838548 0.0231723 0.539975 0.0304454
0.18998 0.184147 0.301252 0.0356707
0.66046 0.0957828 0.866872 0.0375997
0.742363 0.659691 0.716033 0.0280424
0.0804224 0.336661 0.39084 0.044893
0.450062 0.126479 0.535608 0.0429515
0.168925 0.582837 0.829627 0.0500601
0.216883 0.851716 0.0903591 0.0383953
0.497409 0.106686 0.967526 0.0615782
0.371425 0.027189 0.672969 0.0223365
0.286199 0.275979 0.852738 0.0505746
0.666184 0.160152 0.207047 0.061291
0.975214 0.456821 0.485621 0.0485666
0.354046 0.964105 0.929215 0.0269399
0.652861 0.821683 0.55931 0.0457397
0.663286 0.961664 0.288148 0.0586649
0.780092 0.607092 0.340685 0.0371471
0.415489 0.220381 0.44703 0.0302709
0.331976 0.572517 0.870631 0.0336721
0.85534 0.120975 0.405365 0.0330022
0.898743 0.402806 0.408107 0.061506
0.652296 0.0271124 0.892742 0.0362347
0.00109096 0.649241 0.88736 0.0495611
0.153486 0.85319 0.317667 0.0304793
0.74619 0.976828 0.0748496 0.0420883
0.462856 0.582151 0.944885 0.0366515
0.554959 0.689043 0.718214 0.0453004
0.748132 0.466069 0.117005 0.0325238
0.437479 0.670469 0.977565 0.0577523
0.16507 0.64997 0.946655 0.0339323
0.316206 0.308884 0.330157 0.0607117
0.0850523 0.771515 0.508251 0.0342484
0.912787 0.488489 0.444478 0.0326296
0.527657 0.378239 0.883133 0.0515176
0.284376 0.226611 0.795117 0.0253242
0.824591 0.453028 0.146049 0.0502992
0.567799 0.131181 0.377221 0.0349595
0.448415 0.985242 0.45695 0.0458634
0.189904 0.750138 0.477809 0.0299629
0.836012 0.0761238 0.832337 0.0408288
0.926334 0.00476501 0.910503 0.0369942
0.440438 0.606595 0.74895 0.0334315
0.810899 0.32018 0.435827 0.0622357
0.0636593 0.489291 0.0918926 0.0289976
0.0896862 0.685575 0.315409 0.0341971
0.66165 0.389439 0.449599 0.0513732
0.234354 0.436745 0.153462 0.0537524
0.509656 0.57437 0.755757 0.0432228
0.10132 0.988747 0.457296 0.0483041
0.583183 0.748462 0.668593 0.0370983
0.122474 0.796274 0.0274527 0.0308615
0.324982 0.00117287 0.761551 0.0327184
0.813658 0.993577 0.97337 0.0809183
0.202564 0.473538 0.608308 0.0387605
0.92286 0.0563075 0.730636 0.0380546
0.83953 0.874033 0.481091 0.0315262
0.757419 0.686344 0.437332 0.0493433
0.775039 0.138755 0.00537384 0.057073
0.501141 0.319415 0.931617 0.0291315
0.0827454 0.660513 0.908464 0.0339338
0.6091 0.607484 0.674198 0.062034
0.441995 0.195378 0.846132 0.0367416
0.520239 0.69515 0.310851 0.0353533
0.199418 0.72457 0.642135 0.0448879
0.623463 0.737203 0.568869 0.0389638
0.0410867 0.652444 0.968052 0.0376408
0.638951 0.553418 0.858415 0.0522345
0.838553 0.812034 0.970127 0.0370024
0.543384 0.268348 0.431399 0.0462331
0.940655 0.999154 0.782406 0.0410872
0.017358 0.245895 0.961237 0.0458302
0.248985 0.715591 0.491067 0.0294659
0.857047 0.784034 0.240285 0.046548
0.0615992 0.622065 0.859864 0.0220243
0.604201 0.575195 0.562295 0.0167475
0.665072 0.950641 0.458945 0.0279933
0.6812 0.543957 0.714897 0.042323
0.533576 0.910019 0.918191 0.0731504
0.572516 0.825818 0.859079 0.0368503
0.0765606 0.863733 0.306944 0.0425899
0.67971 0.558897 0.457782 0.0249217
0.915222 0.949448 0.49092 0.0247195
0.0228084 0.00662286 0.0860634 0.0339621
0.273411 0.290518 0.515971 0.0307921
0.642623 0.772441 0.185435 0.0295154
0.94172 0.628256 0.394925 0.0256003
0.240219 0.933473 0.183526 0.0443671
0.749072 0.627613 0.175557 0.0590654
0.630776 0.177184 0.887657 0.0515026
0.470924 0.874411 0.255435 0.0846582
0.526935 0.716097 0.897549 0.04035
0.467133 0.656264 0.878861 0.0462842
0.495444 0.0772431 0.800527 0.0442704
0.0181693 0.318043 0.376182 0.0217174
0.206056 0.74285 0.712948 0.0222824
0.593597 0.493042 0.305685 0.033905
0.360211 0.309231 0.203378 0.0623501
0.530204 0.663143 0.65657 0.0259377
0.60661 0.815782 0.614478 0.0264928
0.436127 0.398466 0.84905 0.0323365
0.321115 0.0183708 0.304246 0.0724431
0.731057 0.685216 0.680657 0.0170227
0.167274 0.43129 0.90178 0.0361925
0.946254 0.987823 0.460383 0.0333158
0.922377 0.318741 0.228199 0.0365471
0.741065 0.94137 0.153638 0.0358162
0.648751 0.881972 0.715268 0.0441674
0.811061 0.647441 0.642727 0.0334963
0.20906 0.671289 0.193329 0.0479147
0.825213 0.0217735 0.193165 0.0342723
0.619392 0.0982672 0.0750044 0.0349937
0.677736 0.541509 0.555423 0.0490032
0.213625 0.488434 0.895686 0.0376384
0.808744 0.831259 0.0411305 0.0386733
0.833007 0.546011 0.00994336 0.0361181
0.228785 0.628843 0.614483 0.0528521
0.402583 0.00971101 0.981445 0.0442304
0.727073 0.0635758 0.260393 0.0647258
0.293552 0.430124 0.394137 0.024579
0.782832 0.968364 0.205276 0.0349768
0.423017 0.601311 0.05062 0.0273426
0.625769 0.635435 0.186396 0.0637277
0.95252 0.666023 0.0438117 0.0443656
0.786723 0.55179 0.11565 0.0379311
0.0186039 0.372613 0.149242 0.0269084
0.513703 0.140251 0.469073 0.0501068
0.91933 0.150455 0.698254 0.0374882
0.105633 0.581414 0.356766 0.0620806
0.370669 0.159302 0.618775 0.0545817
0.631021 0.151863 0.660871 0.0385373
0.496615 0.827354 0.673851 0.0456435
0.239908 0.108883 0.355056 0.049866
0.41217 0.673415 0.172341 0.022583
0.791649 0.170941 0.198514 0.0222108
0.0696419 0.471359 0.561036 0.0444965
0.779623 0.308832 0.0265585 0.0606179
0.257654 0.89666 0.861274 0.0360596
0.00735261 0.163268 0.618201 0.0585136
0.56229 0.795847 0.54129 0.0501532
0.123058 0.468973 0.148728 0.0265708
0.479672 0.368724 0.0219956 0.075594
0.843557 0.846354 0.303238 0.0396086
0.30011 0.0694759 0.102352 0.0742681
0.490645 0.097259 0.207094 0.0222666
0.0401963 0.645032 0.333142 0.0321915
0.321136 0.840072 0.875918 0.0502333
0.459964 0.812242 0.574348 0.0586082
0.65355 0.278098 0.781941 0.0443111
0.0570332 0.32273 0.197433 0.02295
0.125103 0.711898 0.566274 0.058082
0.130385 0.406795 0.616091 0.0598552
0.994881 0.696791 0.800742 0.0480186
0.0833753 0.270984 0.805445 0.0395709
0.808304 0.222255 0.0807303 0.0454613
0.0621235 0.591235 0.448956 0.0403329
0.898918 0.289067 0.420053 0.0324385
0.343677 0.61186 0.0190862 0.0444255
0.0745187 0.94047 0.723294 0.0411039
0.63399 0.98278 0.0938013 0.0294109
0.814597 0.256135 0.784131 0.0417802
0.0754806 0.856201 0.414838 0.0535544
0.109962 0.434688 0.448373 0.0541147
0.100779 0.897743 0.526971 0.0658756
0.568284 0.231497 0.764552 0.054402
0.623726 0.92524 0.151093 0.031382
0.694635 0.538606 0.637642 0.0349845
0.461722 0.641695 0.208489 0.0462293
0.352881 0.905216 0.583001 0.0321617
0.494538 0.859229 0.436385 0.0898921
0.361805 0.669155 0.242813 0.0629294
0.379218 0.794944 0.901772 0.0277315
0.260445 0.278428 0.941207 0.041599
0.34655 0.419305 0.439756 0.0461809
0.560605 0.783418 0.12009 0.0232063
0.668991 0.59104 0.495847 0.026039
0.530669 0.5673 0.251003 0.0376935
0.104009 0.121493 0.504214 0.0380757
0.00896458 0.23089 0.830411 0.0414892
0.624424 0.327084 0.521178 0.0505347
0.7403 0.582317 0.60503 0.0358528
0.232192 0.520327 0.183157 0.0349745
0.863195 0.241764 0.181701 0.0711097
0.882282 0.299867 0.0135257 0.0432533
0.560756 0.420248 0.460795 0.0295846
0.672377 0.0160602 0.641506 0.072129
0.409699 0.900126 0.532497 0.0440284
0.146362 0.28178 0.322676 0.061079
0.956302 0.278414 0.186666 0.0260891
0.0750988 0.0410901 0.62132 0.0219955
0.840465 0.664536 0.842025 0.0632943
0.167655 0.929474 0.0313139 0.0461509
0.059528 0.272741 0.0236486 0.0341338
0.801144 0.699558 0.582545 0.045601
0.601414 0.0592492 0.519063 0.0446445
0.819158 0.876137 0.206872 0.058499
0.59724 0.381327 0.609889 0.0285596
0.659337 0.620071 0.563979 0.0321365
0.626787 0.800958 0.699226 0.0311793
0.0358319 0.502841 0.303784 0.0312068
0.491756 0.281518 0.567744 0.043968
0.807121 0.835325 0.89969 0.0396875
0.911597 0.628384 0.604031 0.0576898
0.203794 0.252151 0.53693 0.0514143
0.0490822 0.396374 0.754566 0.0509116
0.193131 0.808782 0.498878 0.0271011
0.115054 0.861987 0.716353 0.0475018
0.802087 0.556899 0.615693 0.0318011
0.859433 0.645307 0.0535112 0.0490647
0.956176 0.674672 0.364683 0.0306942
0.331724 0.613144 0.746679 0.0267933
0.792235 0.307042 0.124111 0.0356845
0.638922 0.456476 0.587278 0.0497489
0.470229 0.0604778 0.629549 0.0675032
0.0827105 0.100084 0.568459 0.0256152
0.682957 0.149306 0.313731 0.0454596
0.725544 0.37649 0.403578 0.0284271
0.71824 0.325563 0.718062 0.0371119
0.427004 0.450789 0.105899 0.0530468
0.295924 0.523436 0.909544 0.0385973
0.853306 0.101911 0.714644 0.0369238
0.326275 0.136853 0.426327 0.0448055
0.21039 0.370786 0.545064 0.0493774
0.994769 0.346538 0.213289 0.0424189
0.943031 0.0858459 0.659686 0.0414016
0.532314 0.356092 0.604896 0.0375703
0.283675 0.361361 0.413095 0.0340161
0.690249 0.347551 0.871493 0.0748111
0.0143496 0.41772 0.39742 0.0555479
0.270434 0.638692 0.377443 0.0378579
0.612662 0.317078 0.386409 0.0337887
0.522555 0.7239 0.605225 0.053976
0.901491 0.397469 0.50626 0.0268041
0.226592 0.931242 0.755676 0.0792953
0.79379 0.0879897 0.435019 0.0309667
0.444921 0.509291 0.320292 0.0471743
0.596221 0.43608 0.23843 0.038019
0.527348 0.39341 0.430895 0.0213717
0.585488 0.00325004 0.888589 0.0348285
0.309374 0.249828 0.247751 0.0275504
0.313725 0.775007 0.44518 0.0505094
0.140262 0.321526 0.476282 0.0605114
0.317928 0.863187 0.499485 0.0433927
0.148138 0.179802 0.232188 0.0376209
0.785895 0.232463 0.306224 0.0373758
0.594102 0.889867 0.528735 0.0493206
0.903989 0.128505 0.787715 0.0558957
0.834798 0.394788 0.0749916 0.0421415
0.14196 0.639751 0.622684 0.0350379
0.400152 0.830318 0.51032 0.0298373
0.732423 0.435823 0.676741 0.0812955
0.938775 0.621974 0.848436 0.0288059
0.757164 0.399586 0.482714 0.0407906
0.383191 0.474119 0.212552 0.0422689
0.99998 0.703688 0.442064 0.0313199
0.809909 0.0886226 0.209917 0.0306789
0.676291 0.036224 0.0451658 0.0543215
0.959773 0.384112 0.793529 0.0472952
0.191898 0.639529 0.363286 0.0403968
0.101949 0.226064 0.747646 0.0359504
0.463741 0.247947 0.402596 0.0408806
0.803364 0.744386 0.697646 0.0779408
0.427856 0.757771 0.209547 0.0478763
0.276816 0.510562 0.51625 0.0515835
0.36653 0.223487 0.811001 0.0511175
0.0664635 0.854684 0.21497 0.0488211
0.949236 0.230857 0.263781 0.0452797
0.0254624 0.157661 0.991536 0.0416001
0.012159 0.337893 0.0185734 0.0465778
0.174397 0.495799 0.163057 0.0309484
0.336058 0.0935292 0.714153 0.060291
0.734087 0.25425 0.753876 0.0442475
0.768961 0.806333 0.273381 0.0501561
0.477749 0.153842 0.367608 0.0583945
0.495394 0.569187 0.369687 0.0403594
0.133355 0.723682 0.301546 0.0253954
0.701308 0.687209 0.606802 0.0578792
0.457599 0.23767 0.16794 0.0560995
0.268379 0.00918446 0.992949 0.0546149
0.245548 0.0499193 0.242448 0.030146
0.20272 0.176961 0.181948 0.0366172
0.884051 0.701489 0.441833 0.0782705
0.935319 0.741255 0.755999 0.038481
0.603378 0.974878 0.487254 0.0440824
0.594915 0.110882 0.159449 0.0375641
0.243172 0.802119 0.744006 0.0276907
0.408222 0.579093 0.552614 0.0489179
0.228555 0.354672 0.785986 0.0312958
0.856584 0.653507 0.325309 0.0507047
0.597334 0.206196 0.0957485 0.0771024
0.283889 0.712962 0.213986 0.0306821
0.898544 0.685006 0.236737 0.0522403
0.612952 0.0954079 0.632879 0.0270156
0.793136 0.475629 0.0530304 0.0462767
0.571746 0.454981 0.791377 0.0445645
0.909637 0.600943 0.19946 0.0273007
0.230215 0.335865 0.371416 0.0384078
0.759102 0.310971 0.324474 0.0438398
0.390615 0.605689 0.15239 0.051238
0.704326 0.753768 0.268878 0.0332777
0.385959 0.403218 0.886379 0.0303753
0.867717 0.155947 0.880571 0.0475007
0.559515 0.282195 0.614349 0.038274
0.282124 0.668662 0.0279222 0.0347093
0.996496 0.074498 0.256737 0.0801265
0.0259418 0.824566 0.787878 0.0284572
0.19044 0.738878 0.089335 0.0775039
0.354784 0.953639 0.162629 0.0672973
0.339686 0.759322 0.193285 0.0417948
0.889729 0.189187 0.472767 0.0411012
0.202161 0.822862 0.671871 0.0578405
0.75915 0.558727 0.679505 0.0445107
0.385518 0.746286 0.517993 0.0557014
0.537305 0.755397 0.810647 0.0555868
0.773323 0.896908 0.832819 0.0527755
0.63117 0.967736 0.939447 0.042208
0.684104 0.283574 0.56832 0.0370857
0.489102 0.29147 0.253914 0.0500993
0.98902 0.686564 0.674521 0.0561929
0.485016 0.930042 0.770817 0.0274736
0.848196 0.112973 0.484066 0.0464272
0.322057 0.258294 0.100725 0.0300688
0.822778 0.957931 0.637732 0.0268777
0.331599 0.957369 0.702546 0.0410657
0.571942 0.639819 0.815646 0.0651733
0.92395 0.653213 0.141702 0.0511428
0.67738 0.504931 0.146627 0.0534621
0.333582 0.589735 0.417686 0.0501387
0.755897 0.269502 0.831411 0.0347693
0.314126 0.655951 0.611588 0.0367377
0.888558 0.573205 0.774852 0.04219
0.917248 0.783021 0.499675 0.0178553
0.462579 0.709217 0.126554 0.0543539
0.249306 0.869238 0.531904 0.032742
0.331156 0.370324 0.605939 0.0354713
0.299021 0.497821 0.430723 0.0376934
0.728313 0.868578 0.19144 0.0339572
0.969073 0.516358 0.43972 0.0268611
0.908145 0.855793 0.233966 0.03672
0.171295 0.164906 0.492718 0.0405356
0.835372 0.0563031 0.134669 0.03441
0.858229 0.777248 0.874069 0.0407599
0.454722 0.965879 0.645191 0.0296256
0.300597 0.620075 0.933849 0.0514327
0.406939 0.586467 0.98472 0.0319148
0.496933 0.865768 0.749355 0.0390708
0.565188 0.842322 0.729512 0.0357769
0.0867276 0.379118 0.114077 0.0371997
0.899049 0.279623 0.511086 0.0575595
0.0360391 0.798952 0.538614 0.0296033
0.208456 0.584214 0.130253 0.0513023
0.0175865 0.422564 0.0729844 0.054215
0.894704 0.38233 0.631404 0.0235709
0.980625 0.261192 0.35711 0.0490317
0.616941 0.263898 0.575755 0.0332937
0.326896 0.122111 0.344022 0.0388113
0.780194 0.954605 0.277845 0.0389321
0.275456 0.962915 0.236888 0.026031
0.169237 0.172421 0.910605 0.0332528
0.451137 0.769229 0.652631 0.0311484
0.788776 0.355068 0.778906 0.0606007
0.051865 0.779589 0.127684 0.0306529
0.786477 0.262534 0.54101 0.060169
0.378441 0.382782 0.070712 0.0376256
0.593938 0.718647 0.920339 0.028881
0.384341 0.945156 0.254974 0.0248785
0.758222 0.890776 0.057019 0.040147
0.999841 0.548597 0.0212119 0.083188
0.659783 0.841254 0.258114 0.0654834
0.415835 0.666525 0.390407 0.0525849
0.0264194 0.111922 0.847742 0.039674
0.31878 0.326411 0.540293 0.0315092
0.252682 0.296689 0.254669 0.0386987
0.483474 0.278023 0.336693 0.0339451
0.312515 0.180723 0.252916 0.0289338
0.151438 0.874828 0.0897261 0.0310137
0.152701 0.563796 0.502507 0.0390074
0.100286 0.311386 0.879481 0.0464507
0.271135 0.00920568 0.193371 0.0370391
0.908098 0.95727 0.536746 0.0223119
0.859545 0.46665 0.581479 0.0805229
0.076527 0.231432 0.871095 0.0373791
0.264035 0.228661 0.294603 0.040997
0.843457 0.8361 0.544993 0.0325661
0.412815 0.946331 0.587577 0.0279327
0.878375 0.355889 0.481605 0.0267791
0.946594 0.311012 0.974744 0.0326661
0.947605 0.550931 0.640879 0.0353333
0.343085 0.0435256 0.868761 0.0374589
0.166311 0.460909 0.534484 0.0444463
0.103623 0.0836423 0.225056 0.03196
0.676459 0.664934 0.900238 0.0716129
0.458335 0.086553 0.309138 0.0313377
0.736818 0.379516 0.171923 0.051969
0.872022 0.534179 0.163354 0.0452758
0.931837 0.858315 0.608931 0.0276757
0.798821 0.611557 0.593549 0.0272634
0.170491 0.710158 0.86306 0.0692185
0.899537 0.628654 0.949091 0.064025
0.683578 0.914613 0.518551 0.0440713
0.59966 0.782223 0.75405 0.0327934
0.906943 0.740382 0.321144 0.0490593
0.936971 0.316981 0.752178 0.0345918
0.0687998 0.756149 0.0614835 0.0404359
0.933386 0.893476 0.462098 0.040805
0.535064 0.588606 0.177755 0.0387173
0.286364 0.629251 0.23683 0.015917
0.725347 0.874918 0.110905 0.0249138
0.310144 0.0352835 0.656837 0.0233784
0.955641 0.119577 0.419929 0.0683606
0.177981 0.0268394 0.0494086 0.0534185
0.310534 0.239735 0.629011 0.0463661
0.0764343 0.718291 0.782975 0.038172
0.281902 0.0953466 0.621981 0.046001
0.978605 0.66228 0.297902 0.0408348
0.919966 0.731897 0.833311 0.0408941
0.00625005 0.480994 0.834724 0.0677248
0.735093 0.408107 0.333932 0.0486528
0.451139 0.486956 0.55488 0.0527498
0.200406 0.545933 0.95564 0.0464773
0.130971 0.886678 0.628853 0.0275564
0.398634 0.28566 0.335307 0.0250805
0.0398389 0.322007 0.945096 0.0335315
0.0502095 0.579737 0.765942 0.0603907
0.620648 0.898918 0.441397 0.0424102
0.351003 0.498656 0.879236 0.0289499
0.756671 0.365594 0.259963 0.0393497
0.869145 0.883358 0.00872702 0.0474228
0.550988 0.131449 0.568281 0.0562414
0.00230604 0.635247 0.501495 0.0506369
0.443483 0.390833 0.91736 0.0356127
0.140248 0.188488 0.986744 0.0376553
0.356848 0.705944 0.811928 0.0430153
0.542447 0.424266 0.0847509 0.029114
0.29865 0.170855 0.67169 0.0355307
0.595545 0.796221 0.185268 0.0232282
0.232712 0.626678 0.963124 0.022789
0.539371 0.369815 0.728725 0.0341882
0.16608 0.935203 0.117917 0.0372082
0.288582 0.515884 0.00792882 0.0603501
0.5961 0.757693 0.141176 0.0254382
0.749296 0.889062 0.393224 0.0953145
0.0123291 0.279954 0.617304 0.0358262
0.148904 0.489338 0.838536 0.045038
0.120644 0.0894118 0.967941 0.0642239
0.510207 0.574344 0.527718 0.0561697
0.613623 0.0866475 0.697253 0.0353059
0.251014 0.533934 0.273575 0.0304216
0.239875 0.552333 0.868744 0.0365102
0.289184 0.197058 0.0277238 0.0707264
0.0135747 0.270546 0.229824 0.0375919
0.291071 0.514023 0.119834 0.0478333
0.96844 0.485293 0.122876 0.0398037
0.465573 0.858254 0.811117 0.0306033
0.434766 0.0297647 0.0860781 0.0670616
0.598234 0.490453 0.0794753 0.0329036
0.114825 0.629261 0.864269 0.0289874
0.388457 0.676849 0.120553 0.0267495
0.118763 0.377762 0.977414 0.0683615
0.252149 0.671487 0.899242 0.0242966
0.428144 0.417859 0.356731 0.0307632
0.250991 0.109369 0.20236 0.0417633
0.797543 0.487194 0.375054 0.0489462
0.00785727 0.115542 0.493049 0.0215798
0.0115686 0.287799 0.887511 0.0391695
0.962537 0.234295 0.134342 0.0391978
0.57679 0.338906 0.669283 0.0425492
0.354715 0.164709 0.941748 0.0268352
0.7143 0.23185 0.949912 0.0661416
0.849605 0.116473 0.952845 0.0368196
0.482705 0.382622 0.539447 0.0286371
0.033736 0.415446 0.641129 0.0403581
0.923 0.632795 0.517314 0.0298854
0.346192 0.914996 0.645426 0.0313775
0.212817 0.9383 0.473832 0.0645895
0.41125 0.00308085 0.236885 0.0270674
0.515421 0.898701 0.813569 0.0336363
0.174668 0.0934704 0.653187 0.0379566
0.877357 0.810005 0.0359966 0.0308997
0.583537 0.738079 0.248077 0.0631999
0.586477 0.438278 0.0544158 0.0261596
0.130483 0.548292 0.598109 0.060359
0.138618 0.923867 0.843792 0.0444564
0.124988 0.184624 0.138229 0.0494853
0.467625 0.679468 0.782453 0.0512561
0.152078 0.996293 0.949202 0.0358281
0.013031 0.0342143 0.711944 0.056647
0.416111 0.256978 0.751306 0.0254827
0.721014 0.219189 0.620568 0.0516055
0.517444 0.635822 0.280026 0.0315634
0.375251 0.135829 0.126841 0.0231734
0.308568 0.40922 0.53031 0.0525218
0.821789 0.228777 0.868455 0.036579
0.00694257 0.994083 0.532325 0.0496413
0.193518 0.482122 0.249347 0.0506789
0.332674 0.307016 0.459568 0.0526675
0.000981402 0.0577834 0.136637 0.0412142
0.721638 0.428485 0.564723 0.0288081
0.486014 0.136639 0.855586 0.0372669
0.142108 0.409874 0.723388 0.0481242
0.732589 0.852791 0.584624 0.0233722
0.605473 0.409348 0.967497 0.0673957
0.979559 0.22529 0.198031 0.027339
0.366773 0.824294 0.735596 0.0981645
0.359326 0.510606 0.287548 0.0444792
0.915505 0.454109 0.184911 0.0475055
0.263309 0.451053 0.0717766 0.0340866
0.639718 0.475227 0.817824 0.0311292
0.954151 0.594437 0.713845 0.0498706
0.0740118 0.479709 0.6405 0.0354853
0.765506 0.370749 0.952906 0.0366326
0.749728 0.821528 0.108977 0.033811
0.28356 0.107445 0.924446 0.0661253
0.303096 0.940528 0.455917 0.0261592
0.977641 0.17473 0.325719 0.043001
0.0640955 0.859261 0.637995 0.0452968
0.135557 0.451662 0.20154 0.0303935
0.817093 0.793859 0.151218 0.0358785
0.591257 0.17696 0.707583 0.0277417
0.645709 0.765292 0.451382 0.0762422
0.0614111 0.103669 0.0733934 0.057563
0.301086 0.358721 0.811258 0.0431728
0.546227 0.0624158 0.415237 0.0465221
0.826895 0.581421 0.901229 0.0349625
0.503411 0.535501 0.651998 0.0677529
0.125902 0.0219953 0.706209 0.0567656
0.765977 0.515479 0.186335 0.0441982
0.0421355 0.192512 0.265262 0.0466917
0.273547 0.367492 0.2074 0.0421551
0.364757 0.529338 0.834251 0.0242906
0.284525 0.730549 0.908996 0.0437594
0.8603 0.0286621 0.878763 0.0298667
0.933536 0.361665 0.13182 0.0606133
0.864348 0.150857 0.297554 0.0761568
0.400002 0.352062 0.396502 0.0499948
0.639976 0.899156 0.618586 0.0513284
0.0216107 0.767948 0.816365 0.0295823
0.745747 0.898039 0.755023 0.0297713
0.309952 0.519742 0.842376 0.0301134
0.976632 0.304867 0.817437 0.0248115
0.749078 0.683385 0.786832 0.0429821
0.916468 0.758192 0.178407 0.0430482
0.317356 0.763227 0.974737 0.0366617
0.648856 0.95647 0.565268 0.0274525
0.0836226 0.678758 0.0950223 0.0452022
0.783014 0.774839 0.480832 0.0525332
0.871195 0.2286 0.74686 0.0313674
0.972333 0.625624 0.222697 0.0430629
0.396351 0.471575 0.902426 0.0287361
0.6258 0.00391348 0.555842 0.0261327
0.148346 0.406598 0.15298 0.0370778
0.204421 0.0544748 0.199116 0.0297696
0.249983 0.462982 0.768876 0.0804317
0.238154 0.0448269 0.69253 0.0511755
0.968369 0.795145 0.562045 0.0421101
0.211893 0.588772 0.237785 0.0458583
0.586302 0.928559 0.225979 0.0452946
0.505092 0.931463 0.159407 0.0301941
0.692916 0.936996 0.00600364 0.0536423
0.0589582 0.716046 0.861677 0.0424784
0.0612987 0.828561 0.0313128 0.0383678
0.207312 0.885367 0.310449 0.0326454
0.153396 0.105964 0.573872 0.0451062
0.741283 0.840387 0.724117 0.0357951
0.324877 0.684041 0.419784 0.0445911
0.27476 0.416635 0.00534149 0.03989
0.151219 0.269376 0.0640863 0.0661351
0.847857 0.469953 0.7697 0.0689136
0.510268 0.264806 0.999905 0.0225046
0.725598 0.71226 0.516006 0.0393908
0.987684 0.794956 0.459355 0.062381
0.559979 0.679772 0.485753 0.0496338
0.664613 0.842951 0.142218 0.0505254
0.100499 0.524966 0.443032 0.0364744
0.350953 0.368467 0.858566 0.0262517
0.45364 0.0645374 0.239865 0.0370123
0.0485511 0.936125 0.300061 0.0353365
0.337742 0.0231515 0.938037 0.0349487
0.840909 0.475627 0.452921 0.0408759
0.526407 0.0622555 0.722434 0.0410633
0.366983 0.401435 0.24027 0.0371918
0.722487 0.827801 0.797527 0.0399911
0.395336 0.953654 0.663376 0.0336743
0.0342908 0.981297 0.366577 0.0412156
0.985052 0.73436 0.266048 0.0382325
0.425585 0.00590192 0.746555 0.0691061
0.629567 0.616804 0.352128 0.103091
0.078834 0.670421 0.64681 0.0391756
0.464334 0.307975 0.679995 0.074574
0.986176 0.0776001 0.940996 0.060906
0.649439 0.411599 0.78064 0.0432054
0.447249 0.448014 0.88513 0.0299565
0.904255 0.966317 0.221476 0.066349
0.190015 0.335139 0.729082 0.0401528
0.373539 0.336143 0.515543 0.0225088
0.437494 0.147844 0.458628 0.0270593
0.465594 0.157736 0.0781741 0.0643634
0.952881 0.707576 0.547516 0.0479972
0.111766 0.720886 0.977744 0.0600722
0.93048 0.626189 0.340078 0.0294412
0.635956 0.0298036 0.794651 0.0632447
0.299262 0.574092 0.324487 0.0504029
0.880568 0.25479 0.0790395 0.0338074
0.11961 0.81402 0.263792 0.0340143
0.135618 0.803928 0.464253 0.0402053
0.386374 0.0798154 0.914018 0.0349228
0.466246 0.405301 0.658615 0.024366
0.835743 0.571332 0.0717393 0.0307205
0.991649 0.880697 0.523276 0.044639
0.976781 0.197551 0.513835 0.0555144
0.250682 0.479758 0.658656 0.0310594
0.940707 0.0276485 0.598567 0.0429915
0.267212 0.284087 0.182187 0.0362916
0.682976 0.766956 0.0878854 0.0442253
0.392205 0.686577 0.727909 0.0420919
0.584229 0.975215 0.0172434 0.0489605
0.939109 0.241228 0.694183 0.055504
0.208582 0.438481 0.965725 0.0402734
0.805122 0.191033 0.468075 0.0436557
0.0154984 0.58286 0.851049 0.0267722
0.696603 0.429101 0.123107 0.0282258
0.856669 0.800589 0.37344 0.0452128
0.569857 0.82614 0.221965 0.0296646
0.124829 0.473713 0.681566 0.0301254
0.0148122 0.937305 0.447386 0.0528306
0.604187 0.533441 0.530921 0.0289388
0.880042 0.0062386 0.0687681 0.0359922
0.40117 0.828651 0.349636 0.0411724
0.293261 0.452735 0.600352 0.0313456
0.998547 0.721253 0.108041 0.0507827
0.392793 0.753757 0.953511 0.0397787
0.726134 0.505473 0.801638 0.0618468
0.380704 0.108258 0.00344015 0.0590851
0.448954 0.927581 0.828124 0.0402803
0.662271 0.121398 0.121721 0.032505
0.784095 0.14922 0.391235 0.044929
0.389297 0.284004 0.574062 0.0574368
0.867518 0.97166 0.584294 0.0418326
0.497479 0.0400965 0.363723 0.0277973
0.371028 0.915878 0.455969 0.0431503
0.211006 0.984067 0.879521 0.0562441
0.570928 0.0708978 0.273395 0.0851397
0.18681 0.389689 0.209676 0.0334898
0.305225 0.604874 0.55304 0.0412881
0.818266 0.453808 0.264575 0.0683132
0.751814 0.579974 0.87378 0.0449915
0.653218 0.35616 0.661213 0.0295761
0.845382 0.0664555 0.622021 0.0625688
0.555387 0.230456 0.519778 0.0506727
0.17221 0.0679479 0.488745 0.0500029
0.760739 0.538814 0.299487 0.0401036
0.255051 0.662142 0.28998 0.0539914
0.034653 0.841985 0.137435 0.0348042
0.670713 0.511742 0.481939 0.0288189
0.567923 0.895131 0.776312 0.0268042
0.800579 0.186578 0.698107 0.0641802
0.567662 0.0217846 0.591851 0.043904
0.385192 0.241816 0.652955 0.0320645
0.568372 0.712072 0.158986 0.0308401
0.535068 0.297867 0.97276 0.0269417
0.558947 0.633041 0.587896 0.0410025
0.213499 0.201264 0.114192 0.0346295
0.111418 0.506561 0.507827 0.0317634
0.551 0.127406 0.669013 0.0445715
0.0744426 0.786094 0.45218 0.0246502
0.96074 0.808602 0.818023 0.0436351
0.47775 0.47478 0.431632 0.0739256
0.214553 0.33828 0.147481 0.0468613
0.587652 0.442105 0.686194 0.0625881
0.154884 0.647331 0.284012 0.0474396
0.999442 0.947992 0.75609 0.041168
0.205006 0.403058 0.0241933 0.0281731
0.921534 0.520137 0.809626 0.028763
0.77182 0.555093 0.957734 0.0448276
0.108629 0.448488 0.261172 0.0346842
0.291529 0.930636 0.382526 0.0487929
0.274083 0.635301 0.819799 0.0657126
0.0779328 0.274927 0.606454 0.0308584
0.911015 0.0349674 0.841256 0.0328555
0.430092 0.458727 0.968957 0.0373765
0.824794 0.491249 0.679633 0.0264672
0.34343 0.419856 0.329033 0.0535487
0.151281 0.952009 0.641326 0.0419865
0.751363 0.0344032 0.14959 0.0523993
0.576696 0.307792 0.187256 0.061177
0.618775 0.883849 0.361262 0.0391506
0.698298 0.360607 0.769547 0.0282821
0.0806696 0.783201 0.772865 0.0276567
0.807101 0.645511 0.390605 0.0297998
0.352365 0.203387 0.68773 0.0292839
0.793673 0.142216 0.840006 0.0380357
0.876588 0.565727 0.39755 0.0647267
0.712125 0.841764 0.5086 0.0348021
0.889768 0.487325 0.0733822 0.0531649
0.55101 0.487564 0.561216 0.045406
0.250751 0.267961 0.106675 0.0421345
0.641358 0.753756 0.949757 0.035968
0.411034 0.266291 0.273339 0.034197
0.369732 0.504878 0.380561 0.0492892
0.614222 0.666951 0.548958 0.0346371
0.474508 0.274928 0.807459 0.0574968
0.780645 0.410693 0.409692 0.0367141
0.162644 0.491272 0.0576226 0.075236
0.762229 0.568688 0.221017 0.0162363
0.688626 0.33076 0.986333 0.0412615
0.957282 0.567235 0.823825 0.0320461
0.215031 0.0149646 0.58225 0.0651206
0.756064 0.750699 0.592844 0.0233468
0.854734 0.319731 0.0895236 0.0368656
0.030286 0.687078 0.0328483 0.036585
0.508622 0.933687 0.0746556 0.0546599
0.227022 0.430378 0.451181 0.0630584
0.889939 0.304206 0.932544 0.0365573
0.996073 0.222829 0.0342757 0.0336669
0.636417 0.519264 0.662153 0.0310773
0.0920303 0.722615 0.208693 0.0762189
0.891592 0.569244 0.859746 0.0428503
0.834025 0.231262 0.408396 0.0336173
0.285339 0.158489 0.588531 0.0255368
0.879403 0.217234 0.817834 0.0409782
0.197831 0.558775 0.317646 0.0406011
0.710889 0.971403 0.903483 0.0453249
0.00244868 0.797205 0.656727 0.0420907
0.742346 0.622211 0.046492 0.0702879
0.336876 0.459237 0.076248 0.0358286
0.678083 0.812578 0.739198 0.0348807
0.502568 0.709604 0.204356 0.0331242
0.455794 0.589949 0.466838 0.0269611
0.536974 0.509241 0.344717 0.0367502
0.983691 0.918068 0.86768 0.0754331
0.835419 0.403923 0.484338 0.0376011
0.102984 0.592024 0.0827222 0.0445142
0.772921 0.432949 0.863463 0.0443188
0.431513 0.527305 0.760956 0.0472571
0.269559 0.394584 0.359787 0.0303637
0.602987 0.601179 0.509488 0.0421183
0.547028 0.386177 0.229397 0.0326335
0.604434 0.0637653 0.969294 0.053746
0.0362922 0.493514 0.441899 0.0350311
0.611215 0.290741 0.952897 0.0520755
0.873398 0.692403 0.552281 0.0330611
0.0955897 0.811148 0.96613 0.0320409
0.738778 0.184456 0.802299 0.0408286
0.0794721 0.480103 0.358756 0.0425724
0.415433 0.00756914 0.542266 0.048291
0.0843393 0.558346 0.209766 0.0882338
0.437067 0.894573 0.632725 0.0448841
0.942038 0.0110999 0.106645 0.0368213
0.339176 0.66249 0.762079 0.0254347
0.0237599 0.166046 0.160141 0.055723
0.272896 0.794781 0.202206 0.0343483
0.067522 0.918224 0.0846135 0.063597
0.986633 0.620803 0.814805 0.0296985
0.961634 0.578027 0.450432 0.0361721
0.0854466 0.32891 0.253634 0.035406
0.820493 0.905422 0.58555 0.0394094
0.717882 0.207086 0.0615015 0.048219
0.608647 0.884135 0.00680622 0.0458381
0.923982 0.651092 0.787454 0.0373728
0.298369 0.753886 0.834193 0.035813
0.424418 0.957239 0.911392 0.0459779
0.369889 0.500442 0.711803 0.0360208
0.0161444 0.608757 0.681981 0.0202771
0.724098 0.706142 0.309687 0.0324834
0.450584 0.650065 0.0615262 0.0296411
0.380815 0.616605 0.0775649 0.0250112
0.714733 0.723489 0.374471 0.0352342
0.163826 0.0296769 0.801277 0.0458751
0.285913 0.934078 0.556121 0.0455574
0.0501681 0.663954 0.731698 0.0305223
0.0654177 0.891432 0.964113 0.0537495
0.342447 0.547093 0.771546 0.0445932
0.248892 0.100704 0.447258 0.0431325
0.843833 0.754907 0.802844 0.0352627
0.793623 0.826593 0.605191 0.0461586
0.614333 0.462229 0.494526 0.0463799
0.844938 0.417427 0.682574 0.032863
0.792555 0.10373 0.135354 0.0294889
0.871637 0.858459 0.592829 0.0272858
0.37826 0.207292 0.231862 0.0450207
0.907726 0.0232485 0.674226 0.0290572
0.446263 0.075163 0.864548 0.0364873
0.617691 0.718318 0.806913 0.0246094
0.362694 0.0646718 0.621414 0.0404203
0.118275 0.319686 0.572569 0.0382717
0.954371 0.104646 0.856986 0.0329059
0.646031 0.0252128 0.340101 0.0252113
0.734907 0.793802 0.556628 0.0367947
0.970231 0.235422 0.435392 0.0318371
0.953019 0.0995304 0.590692 0.0296419
0.388295 0.605101 0.91917 0.0387371
0.636332 0.976891 0.393936 0.0477772
0.72511 0.202648 0.242359 0.0194786
0.737841 0.775151 0.340978 0.0305294
0.039406 0.289406 0.529162 0.056709
0.0734211 0.397391 0.200481 0.0521129
0.77524 0.983995 0.581261 0.0513153
0.922219 0.395047 0.0164646 0.0600072
0.184476 0.103312 0.137603 0.0512658
0.667228 0.149252 0.940031 0.0169532
0.324764 0.162308 0.852089 0.0335907
0.881473 0.851158 0.949434 0.0211667
0.903206 0.853736 0.657081 0.028499
0.71157 0.410418 0.994149 0.0420032
0.884663 0.907765 0.926181 0.0400439
0.0315263 0.719653 0.51169 0.0392634
0.0114382 0.281378 0.756491 0.0480615
0.34151 0.690674 0.986838 0.0407582
0.582298 0.210682 0.597341 0.0337734
0.176485 0.901389 0.172496 0.027835
0.951502 0.934567 0.590165 0.0501649
0.920278 0.754928 0.679292 0.0408734
0.365294 0.459056 0.0121759 0.0342632
0.0268705 0.440835 0.963344 0.0417804
0.7885 0.645222 0.939298 0.0486673
0.652416 0.48034 0.746306 0.0336915
0.366542 0.655944 0.553419 0.0385113
0.536247 0.964461 0.257982 0.0241221
0.0259353 0.530341 0.914529 0.0281468
0.179045 0.0987823 0.268531 0.056402
0.923414 0.919355 0.76775 0.0408986
0.538275 0.505041 0.741603 0.0331047
0.382159 0.676024 0.0558488 0.0382659
0.441976 0.455106 0.675699 0.0336116
0.978377 0.703441 0.194623 0.0398837
0.831251 0.165203 0.780096 0.0259307
0.00364 0.92026 0.233324 0.0438282
0.467971 0.315008 0.387975 0.0278863
0.685951 0.49744 0.328845 0.0307398
0.0158312 0.173466 0.905644 0.0454873
0.494032 0.752951 0.50673 0.0375593
0.263785 0.498234 0.864375 0.0222977
0.239463 0.124497 0.537115 0.0502986
0.380107 0.838709 0.162076 0.0503912
0.82886 0.315167 0.656725 0.0738324
0.0675429 0.201091 0.050327 0.0427404
0.986868 0.483968 0.605124 0.0501303
0.299252 0.691079 0.697256 0.0558879
0.229132 0.355603 0.965813 0.0448059
0.796856 0.108726 0.768505 0.040846
0.896322 0.738621 0.083714 0.0557231
0.0671488 0.539157 0.102483 0.0220993
0.909908 0.0463438 0.977915 0.0289417
0.173895 0.869224 0.239998 0.0469829
0.0787844 0.205243 0.422593 0.081558
0.293698 0.807183 0.121087 0.0503083
0.783852 0.856631 0.516396 0.0366591
0.492898 0.996042 0.992896 0.0478275
0.440323 0.608849 0.304519 0.0537302
0.811262 0.59727 0.987329 0.0177226
0.100607 0.194481 0.667766 0.0449606
0.521655 0.840888 0.022524 0.0525739
0.918465 0.437695 0.83135 0.0302162
0.133958 0.853546 0.366657 0.0222612
0.549136 0.586441 0.921747 0.0490256
0.0832033 0.510056 0.703921 0.0218471
0.164697 0.23677 0.705296 0.0405048
0.9332 0.289731 0.606825 0.0445898
0.46791 0.751609 0.349668 0.0508597
0.744209 0.523271 0.0193919 0.0298499
0.499672 0.646739 0.350333 0.0302209
0.40252 0.544405 0.878276 0.0356364
0.394489 0.294922 0.907759 0.0723599
0.710389 0.0661119 0.389871 0.0658473
0.241389 0.732512 0.772107 0.0473955
0.940823 0.425529 0.656801 0.0376741
0.377912 0.538888 0.0735657 0.0528627
0.504579 0.0484129 0.514794 0.052888
0.21807 0.828948 0.395531 0.0700083
0.46496 0.832098 0.120739 0.0442256
0.0441994 0.036832 0.00862465 0.0370856
0.103997 0.820436 0.0985555 0.0416986
0.472064 0.19164 0.264351 0.0517102
0.204786 0.0495086 0.940763 0.0327647
0.103964 0.0504841 0.302309 0.0390487
0.28533 0.88497 0.145955 0.0317849
0.309861 0.478293 0.674882 0.0303205
0.363496 0.494526 0.144771 0.0312066
0.940978 0.854591 0.55939 0.0228392
0.421612 0.381454 0.488424 0.0489023
0.944424 0.531099 0.275253 0.0686327
0.484188 0.564546 0.847219 0.0522262
0.487402 0.984988 0.387992 0.0329924
0.780091 0.607708 0.752385 0.0457618
0.22637 0.817536 0.819342 0.0510213
0.351171 0.224305 0.437923 0.0348068
0.606494 0.814031 0.0685926 0.0476324
0.0735924 0.386593 0.528689 0.046317
0.492501 0.441407 0.933377 0.0365202
0.275267 0.635579 0.202237 0.0209592
0.238954 0.225223 0.41306 0.0801348
0.537638 0.389032 0.143916 0.0388423
0.733012 0.519545 0.0815342 0.0334029
0.0537787 0.887019 0.781027 0.0402609
0.749137 0.212221 0.154676 0.0497722
0.822029 0.988922 0.744158 0.0839717
0.340174 0.21921 0.302528 0.0361348
0.246422 0.274448 0.692604 0.0503782
0.020658 0.156694 0.746781 0.0709193
0.124936 0.34373 0.791409 0.0453778
0.539962 0.656581 0.223979 0.0323057
0.297447 0.531048 0.382593 0.0208131
0.488031 0.377957 0.791846 0.0475822
0.172883 0.0140532 0.423063 0.0349631
0.502975 0.943941 0.56179 0.0616785
0.476361 0.36677 0.428283 0.0337416
0.476334 0.829616 0.952721 0.0314109
0.474474 0.993812 0.196474 0.0485386
0.698998 0.295529 0.403672 0.0567752
0.529496 0.659155 0.157709 0.0348353
0.504104 0.396547 0.486109 0.0249825
0.579664 0.675727 0.0373729 0.096589
0.37825 0.453693 0.812835 0.0554769
0.378158 0.709608 0.163111 0.0279343
0.151949 0.188553 0.845394 0.0361128
0.908731 0.217985 0.395729 0.0433101
0.891709 0.518298 0.492238 0.0274859
0.111246 0.974331 0.213411 0.0782339
0.152132 0.498305 0.39339 0.0399519
0.575462 0.350763 0.444815 0.0432159
0.000202064 0.86589 0.037123 0.0334521
0.639929 0.742277 0.634838 0.0292177
0.726025 0.930271 0.224489 0.0360671
0.79744 0.302492 0.243373 0.0375866
0.240915 0.179497 0.839896 0.0528664
0.586052 0.229067 0.319094 0.0801638
0.160903 0.135881 0.75258 0.0709799
0.28669 0.76761 0.61722 0.0555592
0.386181 0.714765 0.626709 0.0574945
0.973931 0.309386 0.282966 0.0392466
0.704065 0.470432 0.404514 0.0504873
0.36903 0.189644 0.370309 0.0432448
0.309127 0.872658 0.272614 0.0767134
0.159053 0.411207 0.814151 0.0335804
0.586256 0.215018 0.205871 0.0339272
0.181608 0.301697 0.974377 0.0275538
0.199739 0.236496 0.976182 0.0395169
0.121279 0.0256993 0.880398 0.0426744
0.0988272 0.765001 0.671472 0.0605903
0.73433 0.534599 0.365045 0.0306988
0.835826 0.0772126 0.542087 0.0186496
0.236253 0.196815 0.719136 0.0315344
0.290045 0.420495 0.901848 0.0647978
0.596852 0.358384 0.0781973 0.0547767
0.858538 0.565518 0.68123 0.0551239
0.623878 0.269676 0.454435 0.0375028
0.872172 0.862595 0.840186 0.0521191
0.283073 0.591122 0.0759607 0.0412346
0.752534 0.175733 0.329665 0.0291655
0.375085 0.191131 0.890031 0.0347068
0.837384 0.36181 0.189891 0.0517135
0.172474 0.159115 0.0584824 0.0462951
0.850605 0.468533 0.975531 0.0504654
0.828825 0.944744 0.510441 0.0457791
0.455699 0.701426 0.271601 0.0404448
0.73065 0.197981 0.448528 0.0336518
0.106134 0.49854 0.93452 0.0604127
0.903478 0.577989 0.093234 0.0406544
0.261668 0.764575 0.70569 0.024135
0.630365 0.162602 0.45479 0.0695332
0.476689 0.623172 0.689707 0.0313546
0.971763 0.380131 0.565324 0.0620944
0.223262 0.564793 0.428218 0.0634555
0.346012 0.0120648 0.433007 0.0588545
0.760486 0.757378 0.857947 0.0602771
0.404162 0.0443883 0.18623 0.0386778
0.176089 0.2502 0.894694 0.0464324
0.312347 0.753403 0.284125 0.0431394
0.250034 0.128845 0.697857 0.0338459
0.565364 0.995818 0.397279 0.0203107
0.512387 0.781276 0.175999 0.0445767
0.173344 0.703212 0.325474 0.0244532
0.507208 0.443278 0.743266 0.0360515
0.685802 0.855526 0.0545575 0.0393374
0.306736 0.212904 0.917425 0.0420787
0.158305 0.526474 0.772155 0.0311341
0.302752 0.0755398 0.385339 0.0274528
0.603891 0.559566 0.112962 0.0441026
0.692219 0.451049 0.244605 0.0593354
0.578164 0.125409 0.766836 0.0518814
0.554182 0.948538 0.33933 0.0548596
0.0105146 0.550281 0.392836 0.0443045
0.980228 0.175531 0.230054 0.0256296
0.681364 0.927341 0.102508 0.0440299
0.935634 0.401624 0.277461 0.0607776
0.245794 0.812656 0.0583439 0.0197981
0.462218 0.344889 0.854079 0.0274676
0.395484 0.749755 0.283934 0.0336196
0.385325 0.743079 0.0269592 0.0348164
0.998422 0.970225 0.155892 0.0484727
0.721504 0.0981203 0.0955572 0.0363057
0.987635 0.599834 0.337308 0.0335558
0.777571 0.871207 0.972464 0.0466652
0.406147 0.0257129 0.884308 0.0298903
0.455079 0.00211389 0.305063 0.0532624
0.742284 0.500721 0.901114 0.0390439
0.785042 0.70373 0.352834 0.0409367
0.688548 0.898966 0.799593 0.0383012
0.49293 0.763714 0.274028 0.0297259
0.384052 0.868326 0.41043 0.0239661
0.861524 0.784836 0.510298 0.0319179
0.420515 0.857562 0.878807 0.050715
0.0734846 0.0688039 0.392815 0.0581932
0.715446 0.0777535 0.936592 0.0524876
0.287142 0.0166761 0.89965 0.0280373
0.248549 0.0234936 0.397167 0.0455672
0.91489 0.518798 0.938188 0.0392772
0.283796 0.870725 0.624756 0.0478714
0.42937 0.230281 0.333507 0.0382816
0.393093 0.615601 0.823048 0.0549605
0.959248 0.563476 0.159068 0.0468383
0.666744 0.136544 0.0128609 0.0515035
0.222996 0.951617 0.387787 0.023073
0.122743 0.371178 0.324218 0.0313988
0.54435 0.218113 0.667561 0.0463903
0.364778 0.21087 0.737976 0.0230105
0.912934 0.131675 0.0659722 0.0937147
0.14477 0.646205 0.141649 0.0383011
0.967568 0.409403 0.721571 0.0247412
0.0927636 0.406793 0.865344 0.0502917
0.392806 0.927691 0.358628 0.0553065
0.42124 0.483697 0.0303886 0.0295242
0.527993 0.985592 0.815854 0.0541892
0.859749 0.645277 0.738941 0.0433317
0.570059 0.818138 0.326468 0.0496555
0.71696 0.33224 0.511256 0.0426746
0.740975 0.0664929 0.833154 0.0544739
0.604503 0.536806 0.602952 0.0384279
0.321328 0.157348 0.788415 0.030134
0.875825 0.955753 0.426259 0.051261
0.264806 0.144109 0.761943 0.0336686
0.980924 0.343436 0.677114 0.0559204
0.425978 0.366296 0.127755 0.0239908
0.285203 0.779727 0.0373906 0.0356677
0.7236 0.192228 0.539181 0.0341698
0.223432 0.380121 0.289551 0.0549003
0.122758 0.872099 0.153719 0.0361732
0.43861 0.918358 0.763708 0.0209062
0.817439 0.564494 0.818925 0.04193
0.210961 0.184482 0.628897 0.0629902
0.0595963 0.999181 0.303805 0.0287881
0.604776 0.758543 0.871347 0.035224
0.833141 0.0366742 0.270819 0.0451952
0.741396 0.424715 0.927634 0.0276503
0.398515 0.29509 0.0932397 0.0551126
0.877877 0.4771 0.347628 0.0365381
0.367608 0.485208 0.617286 0.0515327
0.196724 0.348709 0.868687 0.05752
0.226177 0.847299 0.170671 0.0425731
0.187714 0.254087 0.166325 0.0434933
0.677171 0.370944 0.0469126 0.0323308
0.188026 0.618244 0.0291106 0.0573495
0.752067 0.943366 0.507298 0.0310557
0.573572 0.662508 0.909862 0.0317499
0.0940678 0.619951 0.528223 0.0461545
0.289861 0.587052 0.48744 0.0284042
0.227273 0.102636 0.0172705 0.042538
0.600155 0.468923 0.395562 0.0538181
0.376566 0.395933 0.965208 0.0452198
0.557942 0.398274 0.535156 0.047868
0.200184 0.64302 0.512609 0.0539066
0.705183 0.94124 0.583375 0.0281381
0.095957 0.408135 0.367883 0.0317681
0.236514 0.743982 0.186436 0.030095
0.15277 0.852787 0.786637 0.0327913
0.689575 0.687679 0.12058 0.0417824
0.971536 0.375338 0.909365 0.0595384
0.925398 0.151795 0.939434 0.0350176
0.206241 0.531523 0.657214 0.0371806
0.374368 0.832453 0.453307 0.0327712
0.833414 0.700289 0.158749 0.0494292
0.961247 0.299081 0.553105 0.0167281
0.795194 0.973498 0.863279 0.0325018
0.735551 0.620712 0.525461 0.052623
0.85323 0.826336 0.650723 0.0288492
0.423854 0.0057172 0.38513 0.0327531
0.7478 0.624219 0.273596 0.03904
0.181459 0.80043 0.571574 0.0469985
0.0873135 0.554768 0.855106 0.0385121
0.214339 0.614854 0.904406 0.0398616
0.0140433 0.627803 0.120722 0.0447875
0.672093 0.980804 0.182765 0.0488043
0.659552 0.655571 0.486266 0.0397199
0.665928 0.127579 0.573088 0.0588638
0.382275 0.453866 0.509441 0.0361432
0.760403 0.472483 0.972542 0.039872
0.0841486 0.655736 0.817299 0.0330461
0.137313 0.943969 0.355065 0.0689639
0.0700236 0.992467 0.804084 0.0550774
0.441764 0.235415 0.0949674 0.0186061
0.954459 0.46113 0.958578 0.0335728
0.298355 0.192709 0.161506 0.0624382
0.450279 0.333931 0.54145 0.0278569
0.888901 0.356806 0.589998 0.0246846
0.503525 0.326041 0.490825 0.0456832
0.464361 0.760942 0.0366231 0.0467878
0.608384 0.526171 0.225891 0.0537494
0.924893 0.864681 0.120223 0.0785918
0.949891 0.489475 0.378431 0.0427591
0.986838 0.490436 0.191997 0.0319083
0.731357 0.135378 0.875037 0.0244914
0.700099 0.683529 0.243388 0.0415627
0.0958441 0.31352 0.690806 0.0636166
0.655711 0.197956 0.778849 0.0359196
0.892777 0.790912 0.814808 0.0266654
0.604606 0.264847 0.856282 0.0452138
0.457954 0.509764 0.917222 0.0404542
0.431362 0.0768921 0.457814 0.0441614
0.731027 0.763662 0.179756 0.0595046
0.16653 0.0520236 0.35531 0.0429638
0.695587 0.803421 0.648167 0.0545328
0.0910972 0.130693 0.313326 0.0429291
0.153617 0.442227 0.328054 0.0461633
0.0603652 0.589815 0.921054 0.0408831
0.65692 0.270291 0.0248016 0.0355456
0.976278 0.888327 0.682703 0.0562087
0.608229 0.0293959 0.711895 0.024034
0.85167 0.356218 0.540545 0.0371998
0.455245 0.406259 0.719903 0.0318922
0.512712 0.78009 0.0999011 0.0288745
0.348935 0.980761 0.604062 0.0463632
0.275523 0.34978 0.732798 0.0398295
0.605315 0.544587 0.764405 0.0480013
0.243777 0.176684 0.241702 0.035883
0.452277 0.164285 0.72871 0.0765489
0.262937 0.585354 0.708821 0.0564968
0.156196 0.775292 0.763336 0.0482034
0.698145 0.0181687 0.50684 0.0611572
0.254493 0.0309336 0.488312 0.0380138
0.312814 0.210201 0.528882 0.0580524
0.827424 0.957453 0.126521 0.0561172
0.0936505 0.804723 0.578459 0.0406821
0.546432 0.0585026 0.0557878 0.0502925
0.0783327 0.0834858 0.88331 0.0293821
0.887034 0.824603 0.45245 0.0427718
0.83297 0.729315 0.942486 0.0465134
0.931037 0.157116 0.19402 0.0380675
0.180634 0.292309 0.62344 0.0467342
0.775345 0.220963 0.236226 0.0343412
0.994176 0.857331 0.599095 0.0347386
0.113761 0.785112 0.344936 0.0523236
0.0959331 0.481298 0.764348 0.0462747
0.961413 0.962529 0.00876053 0.0741558
0.69515 0.283219 0.230503 0.0672964
0.393584 0.130184 0.285606 0.0502106
0.876197 0.709806 0.769023 0.02974
0.337299 0.655031 0.341544 0.0397736
0.469473 0.700532 0.68713 0.046384
0.510645 0.191802 0.818199 0.0337787
0.839814 0.119922 0.553876 0.0242264
0.574432 0.535962 0.461556 0.0437074
0.36595 0.688091 0.901127 0.0484067
0.480055 0.469133 0.818072 0.0476252
0.0924306 0.198161 0.810536 0.033507
0.626908 0.323577 0.610276 0.036367
0.948917 0.22664 0.783408 0.0348852
0.179892 0.0990967 0.868402 0.0520175
0.0190908 0.0629969 0.596628 0.043016
0.773655 0.373689 0.566869 0.0467767
0.787497 0.770967 0.375507 0.0300634
0.757074 0.213641 0.864207 0.0300178
0.583052 0.343736 0.800494 0.0537833
0.105031 0.633126 0.961157 0.0294953
0.942486 0.0106145 0.363133 0.0552184
0.534369 0.374851 0.336133 0.0754454
0.546933 0.842436 0.796025 0.033196
0.380806 0.594637 0.666373 0.0691258
0.36186 0.74812 0.361994 0.0492894
0.269021 0.29271 0.774568 0.0311913
0.152532 0.154479 0.349567 0.03226
0.253005 0.937719 0.0850395 0.0550371
0.988915 0.036028 0.843536 0.0450853
0.382145 0.225693 0.484836 0.0204174
0.447164 0.430942 0.296252 0.0339721
0.42257 0.138007 0.893448 0.0366282
0.160252 0.374921 0.389111 0.0436487
0.0482434 0.845957 0.715012 0.0212059
0.740615 0.122605 0.489806 0.0528631
0.337349 0.0990124 0.212631 0.0458182
0.693194 0.249709 0.494231 0.0448816
0.121411 0.347576 0.218927 0.0179461
0.418447 0.188251 0.954064 0.0422126
0.744819 0.906502 0.655015 0.0599063
0.100297 0.253484 0.209997 0.0529896
0.14019 0.930662 0.955294 0.0311485
0.0578602 0.990552 0.936978 0.0492956
0.995064 0.795563 0.196148 0.0457698
0.809661 0.687451 0.00497543 0.0322316
0.754905 0.497224 0.496312 0.0578159
0.480689 0.587605 0.104943 0.052163
0.967232 0.772533 0.955006 0.0950878
0.640378 0.0505876 0.13364 0.0422382
0.951064 0.551735 0.534833 0.0528596
0.352244 0.959156 0.518134 0.0348899
0.0970393 0.143083 0.202474 0.0319655
0.0692308 0.0829674 0.165311 0.0369804
0.266799 0.347426 0.492224 0.0312257
0.549002 0.758664 0.385457 0.0342046
0.140027 0.589776 0.913706 0.0391168
0.733872 0.113436 0.648219 0.0247142
0.418142 0.391261 0.592027 0.0550746
0.302429 0.672036 0.13459 0.0605449
0.794182 0.704974 0.256174 0.0557021
0.60087 0.800067 0.656535 0.0187701
0.953321 0.282556 0.0638799 0.0455256
0.782149 0.742544 0.0723926 0.0590767
0.641387 0.82493 0.348359 0.0252644
0.339315 0.412177 0.153466 0.0539242
0.0477311 0.0717216 0.494462 0.0376835
0.375699 0.875683 0.0189331 0.0975151
0.566335 0.989639 0.149102 0.054902
0.262667 0.306781 0.587847 0.0436802
0.551414 0.861478 0.609767 0.0453185
0.984634 0.127304 0.550614 0.0213456
0.380701 0.171767 0.472808 0.0348289
0.765897 0.230382 0.384757 0.0385001
0.415717 0.350024 0.295256 0.0524831
0.217056 0.951651 0.265151 0.0398193
0.000968982 0.430829 0.163633 0.0355991
0.291967 0.660526 0.494621 0.0404777
0.935084 0.23286 0.89509 0.0553053
0.399165 0.0817017 0.371228 0.0483425
0.70861 0.232578 0.327233 0.0427139
0.189529 0.263609 0.794312 0.0557292
0.0460078 0.544505 0.517246 0.0439701
0.851237 0.543194 0.947014 0.0294591
0.64212 0.201285 0.615519 0.0294518
0.698296 0.952997 0.736842 0.0450782
0.668195 0.793406 0.00872707 0.039842
0.936557 0.240319 0.990918 0.04043
0.0146626 0.739855 0.356655 0.0572485
0.549926 0.322545 0.549712 0.0293694
0.972175 0.0718838 0.778897 0.0303641
0.403315 0.197753 0.545267 0.0345679
0.323732 0.721837 0.0546838 0.03599
0.805713 0.307631 0.90544 0.0519881
0.664033 0.767965 0.819431 0.0441201
0.843687 0.590011 0.515612 0.0602173
0.158602 0.376182 0.0805141 0.0421789
0.675841 0.384516 0.104361 0.0244079
0.310049 0.562578 0.213382 0.0586225
0.886731 0.077162 0.193628 0.046516
0.223704 0.520118 0.580622 0.0194042
0.824066 0.882588 0.0840988 0.0299975
0.0820563 0.568084 0.681293 0.0223544
0.561803 0.790122 0.940378 0.0520066
0.306055 0.0377093 0.581704 0.0283472
0.505633 0.431316 0.611258 0.042498
0.548701 0.951239 0.691724 0.0762603
0.258175 0.924392 0.000108292 0.0310885
0.361309 0.45762 0.938736 0.0236196
0.429362 0.718176 0.4516 0.0286272
0.501524 0.634037 0.425925 0.0456977
0.887232 0.703599 0.642678 0.0303125
0.82491 0.0514652 0.367683 0.051718
0.376757 0.758952 0.106585 0.0468273
0.470812 0.635571 0.602808 0.0484211
0.259759 0.792127 0.522843 0.0456003
0.965868 0.168922 0.839911 0.0345864
0.0983549 0.179746 0.923045 0.0390845
0.281818 0.540212 0.613739 0.0504371
0.892463 0.0683327 0.919766 0.0356274
0.137587 0.380483 0.258859 0.0362674
0.00468448 0.0284694 0.448191 0.0388986
0.666498 0.464484 0.889145 0.0458084
0.270945 0.604011 0.0074491 0.0295261
0.824315 0.503138 0.892215 0.0435041
0.97251 0.347693 0.351578 0.0380249
0.918506 0.959685 0.679761 0.035651
0.30356 0.202085 0.739011 0.0388433
0.458408 0.403241 0.204633 0.0609506
0.0245266 0.601557 0.604077 0.0583827
0.9385 0.79256 0.256389 0.0369185
0.539306 0.775523 0.720941 0.0363714
0.0282537 0.738815 0.595255 0.0465328
0.282383 0.933456 0.92909 0.0443205
0.70318 0.555804 0.237414 0.0462375
0.196786 0.893218 0.589367 0.0487157
0.477582 0.754463 0.745022 0.0331508
0.0472163 0.307289 0.316726 0.0414682
0.848475 0.760482 0.0127684 0.030632
0.855566 0.963201 0.327218 0.0501047
0.196001 0.526833 0.542389 0.0282854
0.514176 0.583022 0.30902 0.0246378
0.262275 0.610803 0.170789 0.0211316
0.6988 0.119396 0.732603 0.062557
0.9775 0.0755194 0.523888 0.0373642
0.0323348 0.675025 0.560198 0.02637
0.518427 0.511741 0.0130218 0.0728522
0.376741 0.645201 0.475462 0.0408404
0.956417 0.874734 0.341891 0.0830158
0.738857 0.748209 0.968854 0.0530326
0.840014 0.364516 0.968792 0.0398048
0.654462 0.537034 0.978341 0.0697949
0.460855 0.6692 0.50814 0.0525348
0.402601 0.773557 0.432283 0.0358422
0.23406 0.710889 0.412779 0.0503704
0.309571 0.319211 0.651266 0.0361729
0.493725 0.258045 0.081677 0.039607
0.284051 0.121809 0.276956 0.0407728
0.22809 0.697242 0.972726 0.0476506
0.843932 0.22086 0.962152 0.0584928
0.377826 0.523002 0.952143 0.0451356
0.867387 0.060789 0.434479 0.0279874
0.207324 0.980352 0.665394 0.0252695
0.380456 0.529325 0.476387 0.046258
0.7503 0.903047 0.560004 0.0353261
0.68516 0.6115 0.783432 0.0532702
0.918005 0.0155506 0.520804 0.0389165
0.664334 0.713144 0.72301 0.0667965
0.235086 0.291119 0.0122034 0.0348512
0.481982 0.328624 0.13447 0.0438376
0.92759 0.673888 0.872296 0.0294127
0.605795 0.198742 0.976194 0.0429829
0.900536 0.380909 0.723756 0.0442887
0.494755 0.0211987 0.902942 0.0455957
0.00321646 0.49773 0.536065 0.0221596
0.0615405 0.528514 0.669639 0.022709
0.738223 0.117822 0.163091 0.0331204
0.572239 0.177762 0.830199 0.0305247
0.556812 0.487955 0.885437 0.0562204
0.211255 0.827981 0.954537 0.0854165
0.101848 0.0266498 0.550516 0.052328
0.880147 0.772197 0.593574 0.0543461
0.0412955 0.293373 0.121345 0.0601096
0.738643 0.810195 0.0280769 0.0326969
0.668397 0.14654 0.817262 0.0295026
0.658579 0.759749 0.331526 0.0442155
0.498896 0.823846 0.859371 0.0367959
0.856591 0.905481 0.277116 0.0263332
0.185676 0.454064 0.6736 0.0314353
0.626468 0.0439294 0.443663 0.0362719
0.864829 0.409669 0.890183 0.0541851
0.393769 0.34907 0.796777 0.0511298
0.566768 0.0917282 0.869829 0.0562265
0.388211 0.212217 0.054938 0.0330852
0.601323 0.924592 0.0856226 0.0378184
0.762867 0.00295222 0.331161 0.0350963
0.0894427 0.0139584 0.0626919 0.037032
0.108992 0.262477 0.95901 0.0473186
0.0197744 0.45409 0.252232 0.0415399
0.322808 0.321967 0.0134081 0.0581444
0.626393 0.844085 0.792714 0.044901
0.0665854 0.459069 0.143628 0.0309899
0.919309 0.49573 0.678941 0.037444
0.266801 0.0587349 0.807871 0.061324
0.872123 0.295287 0.320924 0.0703189
0.0512992 0.39362 0.306433 0.0455702
0.264077 0.692722 0.609153 0.0203218
0.799182 0.0911076 0.902198 0.0390166
0.559588 0.86543 0.146013 0.0564631
0.603591 0.416666 0.866964 0.0310244
0.78409 0.165627 0.911234 0.0375507
0.0303547 0.237701 0.674878 0.0378285
0.421948 0.534747 0.00733479 0.0264946
0.341891 0.946361 0.839465 0.0640333
0.434344 0.752409 0.854566 0.0563901
0.614568 0.0504271 0.378391 0.0303934
0.0499142 0.339405 0.60719 0.0352329
0.878333 0.913093 0.638277 0.0385492
0.870575 0.95751 0.859073 0.0446707
0.531866 0.311198 0.0876051 0.0260822
0.0101054 0.639709 0.403186 0.0442277
0.293677 0.454796 0.240948 0.0534805
0.521249 0.697468 0.370648 0.0239835
0.859947 0.036666 0.485877 0.0292756
0.678729 0.374071 0.579669 0.042083
0.78147 0.0684407 0.548075 0.0350918
0.126049 0.860938 0.0314799 0.0340261
0.18011 0.795482 0.17652 0.0269563
0.11824 0.0462406 0.123195 0.0373459
0.656683 0.348767 0.320605 0.050579
0.0187571 0.896383 0.166383 0.0288337
0.424505 0.286134 0.479409 0.0435752
0.994329 0.0449131 0.0250937 0.0160519
0.708079 0.179294 0.385262 0.0360703
0.762064 0.0682138 0.677143 0.0359194
0.96755 0.564742 0.896969 0.0418576
0.712103 0.318107 0.636889 0.0446342
0.177279 0.316085 0.229138 0.0432381
1.00784 0.485601 0.710132 0.0569629
0.721448 -0.02603 0.81746 0.0413811
0.532392 -0.016544 0.444982 0.038981
0.558505 0.290145 1.03066 0.0359976
-0.003511 0.454515 0.321203 0.03095
0.207609 0.161252 -0.032115 0.0365915
-0.02265 0.322714 0.44168 0.0556003
0.112799 0.575721 -0.00735 0.0364405
0.442789 0.252093 1.01168 0.0471642
0.206534 1.00629 0.141621 0.045277
1.00881 0.800926 0.075799 0.0357783
0.0707515 0.460509 1.01662 0.0299879
1.01544 0.767054 0.739801 0.0472356
0.446789 -0.001768 0.845681 0.0325518
0.474591 0.604961 1.02409 0.0307525
0.794228 1.01113 0.453723 0.0481392
1.03192 0.344468 0.831231 0.0432499
0.685524 1.00707 0.963266 0.0287685
0.0509262 -0.036883 0.62774 0.059891
1.05093 0.963117 0.62774 0.059891
1.05093 -0.036883 0.62774 0.059891
0.109226 -0.02153 0.00297037 0.0351999
0.109226 0.97847 1.00297 0.0351999
0.109226 -0.02153 1.00297 0.0351999
1.03154 0.798681 0.277237 0.0419151
0.29497 -0.022211 0.496102 0.0292425
0.838548 1.02317 0.539975 0.0304454
0.497409 0.106686 -0.032474 0.0615782
-0.024786 0.456821 0.485621 0.0485666
0.663286 -0.038336 0.288148 0.0586649
0.652296 1.02711 0.892742 0.0362347
1.00109 0.649241 0.88736 0.0495611
0.74619 -0.023172 0.0748496 0.0420883
0.437479 0.670469 -0.022435 0.0577523
0.448415 -0.014758 0.45695 0.0458634
0.926334 1.00477 0.910503 0.0369942
0.10132 -0.011253 0.457296 0.0483041
0.122474 0.796274 1.02745 0.0308615
0.324982 1.00117 0.761551 0.0327184
0.813658 -0.006423 0.97337 0.0809183
0.813658 0.993577 -0.02663 0.0809183
0.813658 -0.006423 -0.02663 0.0809183
0.775039 0.138755 1.00537 0.057073
0.0410867 0.652444 -0.031948 0.0376408
0.838553 0.812034 -0.029873 0.0370024
0.940655 -0.000846 0.782406 0.0410872
0.017358 0.245895 -0.038763 0.0458302
1.01736 0.245895 0.961237 0.0458302
1.01736 0.245895 -0.038763 0.0458302
1.02281 0.00662286 0.0860634 0.0339621
0.0228084 1.00662 0.0860634 0.0339621
1.02281 1.00662 0.0860634 0.0339621
1.01817 0.318043 0.376182 0.0217174
0.321115 1.01837 0.304246 0.0724431
0.946254 -0.012177 0.460383 0.0333158
0.825213 1.02177 0.193165 0.0342723
0.833007 0.546011 1.00994 0.0361181
0.402583 0.00971101 -0.018555 0.0442304
0.402583 1.00971 0.981445 0.0442304
0.402583 1.00971 -0.018555 0.0442304
0.727073 1.06358 0.260393 0.0647258
0.782832 -0.031636 0.205276 0.0349768
0.95252 0.666023 1.04381 0.0443656
1.0186 0.372613 0.149242 0.0269084
0.779623 0.308832 1.02656 0.0606179
1.00735 0.163268 0.618201 0.0585136
0.479672 0.368724 1.022 0.075594
0.30011 1.06948 0.102352 0.0742681
-0.005119 0.696791 0.800742 0.0480186
0.343677 0.61186 1.01909 0.0444255
0.63399 -0.01722 0.0938013 0.0294109
1.00896 0.23089 0.830411 0.0414892
0.882282 0.299867 1.01353 0.0432533
0.672377 1.01606 0.641506 0.072129
0.167655 0.929474 1.03131 0.0461509
0.059528 0.272741 1.02365 0.0341338
1.04908 0.396374 0.754566 0.0509116
0.470229 1.06048 0.629549 0.0675032
-0.005231 0.346538 0.213289 0.0424189
1.01435 0.41772 0.39742 0.0555479
0.226592 -0.068758 0.755676 0.0792953
0.585488 1.00325 0.888589 0.0348285
-2e-05 0.703688 0.442064 0.0313199
0.676291 1.03622 0.0451658 0.0543215
0.676291 0.036224 1.04517 0.0543215
0.676291 1.03622 1.04517 0.0543215
-0.040227 0.384112 0.793529 0.0472952
0.0254624 0.157661 -0.008464 0.0416001
1.02546 0.157661 0.991536 0.0416001
1.02546 0.157661 -0.008464 0.0416001
1.01216 0.337893 0.0185734 0.0465778
0.012159 0.337893 1.01857 0.0465778
1.01216 0.337893 1.01857 0.0465778
0.268379 0.00918446 -0.007051 0.0546149
0.268379 1.00918 0.992949 0.0546149
0.268379 1.00918 -0.007051 0.0546149
0.603378 -0.025122 0.487254 0.0440824
0.282124 0.668662 1.02792 0.0347093
-0.003504 0.074498 0.256737 0.0801265
0.996496 1.0745 0.256737 0.0801265
-0.003504 1.0745 0.256737 0.0801265
1.02594 0.824566 0.787878 0.0284572
0.354784 -0.046361 0.162629 0.0672973
0.63117 -0.032264 0.939447 0.042208
-0.01098 0.686564 0.674521 0.0561929
0.406939 0.586467 -0.01528 0.0319148
1.01759 0.422564 0.0729844 0.054215
-0.019375 0.261192 0.35711 0.0490317
-0.000159 0.548597 0.0212119 0.083188
0.999841 0.548597 1.02121 0.083188
-0.000159 0.548597 1.02121 0.083188
1.02642 0.111922 0.847742 0.039674
0.271135 1.00921 0.193371 0.0370391
0.946594 0.311012 -0.025256 0.0326661
0.899537 0.628654 -0.050909 0.064025
-0.044359 0.119577 0.419929 0.0683606
0.177981 1.02684 0.0494086 0.0534185
0.177981 0.0268394 1.04941 0.0534185
0.177981 1.02684 1.04941 0.0534185
-0.021395 0.66228 0.297902 0.0408348
1.00625 0.480994 0.834724 0.0677248
0.200406 0.545933 -0.04436 0.0464773
1.05021 0.579737 0.765942 0.0603907
0.869145 0.883358 1.00873 0.0474228
1.00231 0.635247 0.501495 0.0506369
0.140248 0.188488 -0.013256 0.0376553
0.288582 0.515884 1.00793 0.0603501
1.01233 0.279954 0.617304 0.0358262
0.120644 0.0894118 -0.032059 0.0642239
0.289184 0.197058 1.02772 0.0707264
1.01357 0.270546 0.229824 0.0375919
-0.03156 0.485293 0.122876 0.0398037
0.434766 1.02976 0.0860781 0.0670616
0.118763 0.377762 -0.022586 0.0683615
1.00786 0.115542 0.493049 0.0215798
1.01157 0.287799 0.887511 0.0391695
-0.037463 0.234295 0.134342 0.0391978
0.7143 0.23185 -0.050088 0.0661416
1.03374 0.415446 0.641129 0.0403581
0.212817 -0.0617 0.473832 0.0645895
0.41125 1.00308 0.236885 0.0270674
0.152078 -0.003707 0.949202 0.0358281
1.01303 0.0342143 0.711944 0.056647
0.013031 1.03421 0.711944 0.056647
1.01303 1.03421 0.711944 0.056647
0.00694257 -0.005917 0.532325 0.0496413
1.00694 0.994083 0.532325 0.0496413
1.00694 -0.005917 0.532325 0.0496413
1.00098 0.0577834 0.136637 0.0412142
0.605473 0.409348 -0.032503 0.0673957
-0.020441 0.22529 0.198031 0.027339
-0.045849 0.594437 0.713845 0.0498706
-0.022359 0.17473 0.325719 0.043001
0.125902 1.022 0.706209 0.0567656
1.04214 0.192512 0.265262 0.0466917
0.8603 1.02866 0.878763 0.0298667
1.02161 0.767948 0.816365 0.0295823
-0.023368 0.304867 0.817437 0.0248115
0.317356 0.763227 -0.025263 0.0366617
-0.027667 0.625624 0.222697 0.0430629
0.6258 1.00391 0.555842 0.0261327
0.238154 1.04483 0.69253 0.0511755
-0.031631 0.795145 0.562045 0.0421101
0.692916 0.936996 1.006 0.0536423
0.0612987 0.828561 1.03131 0.0383678
0.27476 0.416635 1.00534 0.03989
0.151219 0.269376 1.06409 0.0661351
0.510268 0.264806 -9.5e-05 0.0225046
-0.012316 0.794956 0.459355 0.062381
0.337742 1.02315 0.938037 0.0349487
0.0342908 -0.018703 0.366577 0.0412156
1.03429 0.981297 0.366577 0.0412156
1.03429 -0.018703 0.366577 0.0412156
-0.014948 0.73436 0.266048 0.0382325
0.425585 1.0059 0.746555 0.0691061
-0.013824 0.0776001 0.940996 0.060906
0.986176 0.0776001 -0.059004 0.060906
-0.013824 0.0776001 -0.059004 0.060906
0.904255 -0.033683 0.221476 0.066349
-0.047119 0.707576 0.547516 0.0479972
0.111766 0.720886 -0.022256 0.0600722
0.635956 1.0298 0.794651 0.0632447
-0.008351 0.880697 0.523276 0.044639
-0.023219 0.197551 0.513835 0.0555144
0.940707 1.02765 0.598567 0.0429915
0.584229 -0.024785 0.0172434 0.0489605
0.584229 0.975215 1.01724 0.0489605
0.584229 -0.024785 1.01724 0.0489605
0.208582 0.438481 -0.034275 0.0402734
1.0155 0.58286 0.851049 0.0267722
1.01481 0.937305 0.447386 0.0528306
0.880042 1.00624 0.0687681 0.0359922
-0.001453 0.721253 0.108041 0.0507827
0.380704 0.108258 1.00344 0.0590851
0.867518 -0.02834 0.584294 0.0418326
0.211006 -0.015933 0.879521 0.0562441
0.570928 1.0709 0.273395 0.0851397
1.03465 0.841985 0.137435 0.0348042
0.567662 1.02178 0.591851 0.043904
-0.03926 0.808602 0.818023 0.0436351
-0.000558 0.947992 0.75609 0.041168
0.205006 0.403058 1.02419 0.0281731
0.77182 0.555093 -0.042266 0.0448276
0.430092 0.458727 -0.031043 0.0373765
0.751363 1.0344 0.14959 0.0523993
0.162644 0.491272 1.05762 0.075236
0.688626 0.33076 -0.013667 0.0412615
0.215031 1.01496 0.58225 0.0651206
1.03029 0.687078 0.0328483 0.036585
0.030286 0.687078 1.03285 0.036585
1.03029 0.687078 1.03285 0.036585
-0.003927 0.222829 0.0342757 0.0336669
0.710889 -0.028597 0.903483 0.0453249
1.00245 0.797205 0.656727 0.0420907
0.742346 0.622211 1.04649 0.0702879
-0.016309 0.918068 0.86768 0.0754331
0.604434 0.0637653 -0.030706 0.053746
0.611215 0.290741 -0.047103 0.0520755
0.415433 1.00757 0.542266 0.048291
1.08434 0.558346 0.209766 0.0882338
0.942038 1.0111 0.106645 0.0368213
1.02376 0.166046 0.160141 0.055723
-0.013367 0.620803 0.814805 0.0296985
0.608647 0.884135 1.00681 0.0458381
0.424418 -0.042761 0.911392 0.0459779
1.01614 0.608757 0.681981 0.0202771
0.163826 1.02968 0.801277 0.0458751
0.0654177 0.891432 -0.035887 0.0537495
0.907726 1.02325 0.674226 0.0290572
-0.029769 0.235422 0.435392 0.0318371
0.636332 -0.023109 0.393936 0.0477772
1.03941 0.289406 0.529162 0.056709
0.77524 -0.016005 0.581261 0.0513153
0.922219 0.395047 1.01646 0.0600072
0.71157 0.410418 -0.005851 0.0420032
1.03153 0.719653 0.51169 0.0392634
1.01144 0.281378 0.756491 0.0480615
0.34151 0.690674 -0.013162 0.0407582
-0.048498 0.934567 0.590165 0.0501649
0.365294 0.459056 1.01218 0.0342632
0.0268705 0.440835 -0.036656 0.0417804
1.02687 0.440835 0.963344 0.0417804
1.02687 0.440835 -0.036656 0.0417804
1.02594 0.530341 0.914529 0.0281468
-0.021623 0.703441 0.194623 0.0398837
1.00364 0.92026 0.233324 0.0438282
1.01583 0.173466 0.905644 0.0454873
-0.013132 0.483968 0.605124 0.0501303
0.229132 0.355603 -0.034187 0.0448059
0.909908 0.0463438 -0.022085 0.0289417
1.07878 0.205243 0.422593 0.081558
0.492898 -0.003958 0.992896 0.0478275
0.492898 0.996042 -0.007104 0.0478275
0.492898 -0.003958 -0.007104 0.0478275
0.811262 0.59727 -0.012671 0.0177226
0.521655 0.840888 1.02252 0.0525739
0.744209 0.523271 1.01939 0.0298499
0.504579 1.04841 0.514794 0.052888
0.0441994 1.03683 0.00862465 0.0370856
0.0441994 0.036832 1.00862 0.0370856
0.0441994 1.03683 1.00862 0.0370856
-0.055576 0.531099 0.275253 0.0686327
0.487402 -0.015012 0.387992 0.0329924
0.822029 -0.011078 0.744158 0.0839717
1.02066 0.156694 0.746781 0.0709193
0.172883 1.01405 0.423063 0.0349631
0.502975 -0.056059 0.56179 0.0616785
0.474474 -0.006188 0.196474 0.0485386
0.579664 0.675727 1.03737 0.096589
0.111246 -0.025669 0.213411 0.0782339
1.0002 0.86589 0.037123 0.0334521
-0.026069 0.309386 0.282966 0.0392466
0.181608 0.301697 -0.025623 0.0275538
0.199739 0.236496 -0.023818 0.0395169
0.121279 1.0257 0.880398 0.0426744
0.850605 0.468533 -0.024469 0.0504654
-0.028237 0.380131 0.565324 0.0620944
0.346012 1.01206 0.433007 0.0588545
0.565364 -0.004182 0.397279 0.0203107
0.554182 -0.051462 0.33933 0.0548596
1.01051 0.550281 0.392836 0.0443045
-0.019772 0.175531 0.230054 0.0256296
0.385325 0.743079 1.02696 0.0348164
-0.001578 0.970225 0.155892 0.0484727
0.998422 -0.029775 0.155892 0.0484727
-0.001578 -0.029775 0.155892 0.0484727
-0.012365 0.599834 0.337308 0.0335558
0.777571 0.871207 -0.027536 0.0466652
0.406147 1.02571 0.884308 0.0298903
0.455079 1.00211 0.305063 0.0532624
0.287142 1.01668 0.89965 0.0280373
0.248549 1.02349 0.397167 0.0455672
-0.040752 0.563476 0.159068 0.0468383
0.666744 0.136544 1.01286 0.0515035
-0.087066 0.131675 0.0659722 0.0937147
0.912934 0.131675 1.06597 0.0937147
-0.087066 0.131675 1.06597 0.0937147
0.527993 -0.014408 0.815854 0.0541892
0.875825 -0.044247 0.426259 0.051261
-0.019076 0.343436 0.677114 0.0559204
0.0595963 -0.000819 0.303805 0.0287881
0.833141 1.03667 0.270819 0.0451952
0.188026 0.618244 1.02911 0.0573495
0.227273 0.102636 1.01727 0.042538
0.376566 0.395933 -0.034792 0.0452198
-0.028464 0.375338 0.909365 0.0595384
0.795194 -0.026502 0.863279 0.0325018
0.423854 1.00572 0.38513 0.0327531
1.01404 0.627803 0.120722 0.0447875
0.672093 -0.019196 0.182765 0.0488043
0.760403 0.472483 -0.027458 0.039872
0.137313 -0.056031 0.355065 0.0689639
0.0700236 -0.007533 0.804084 0.0550774
0.464361 0.760942 1.03662 0.0467878
-0.075107 0.864681 0.120223 0.0785918
-0.013162 0.490436 0.191997 0.0319083
0.65692 0.270291 1.0248 0.0355456
-0.023722 0.888327 0.682703 0.0562087
0.348935 -0.019239 0.604062 0.0463632
0.698145 1.01817 0.50684 0.0611572
0.254493 1.03093 0.488312 0.0380138
0.827424 -0.042547 0.126521 0.0561172
-0.005824 0.857331 0.599095 0.0347386
-0.038587 0.962529 0.00876053 0.0741558
0.961413 -0.037471 0.00876053 0.0741558
0.961413 0.962529 1.00876 0.0741558
-0.038587 -0.037471 0.00876053 0.0741558
-0.038587 0.962529 1.00876 0.0741558
0.961413 -0.037471 1.00876 0.0741558
-0.038587 -0.037471 1.00876 0.0741558
1.01909 0.0629969 0.596628 0.043016
0.942486 1.01061 0.363133 0.0552184
-0.011085 0.036028 0.843536 0.0450853
0.988915 1.03603 0.843536 0.0450853
-0.011085 1.03603 0.843536 0.0450853
0.0578602 -0.009448 0.936978 0.0492956
-0.004936 0.795563 0.196148 0.0457698
0.809661 0.687451 1.00498 0.0322316
-0.032768 0.772533 0.955006 0.0950878
0.967232 0.772533 -0.044994 0.0950878
-0.032768 0.772533 -0.044994 0.0950878
-0.048936 0.551735 0.534833 0.0528596
0.375699 0.875683 1.01893 0.0975151
0.566335 -0.010361 0.149102 0.054902
-0.015366 0.127304 0.550614 0.0213456
1.00097 0.430829 0.163633 0.0355991
0.668195 0.793406 1.00873 0.039842
0.936557 0.240319 -0.009082 0.04043
1.01466 0.739855 0.356655 0.0572485
-0.027825 0.0718838 0.778897 0.0303641
0.548701 -0.048761 0.691724 0.0762603
0.258175 0.924392 1.00011 0.0310885
0.82491 1.05147 0.367683 0.051718
-0.034132 0.168922 0.839911 0.0345864
1.00468 0.0284694 0.448191 0.0388986
0.00468448 1.02847 0.448191 0.0388986
1.00468 1.02847 0.448191 0.0388986
0.270945 0.604011 1.00745 0.0295261
-0.02749 0.347693 0.351578 0.0380249
1.02453 0.601557 0.604077 0.0583827
1.02825 0.738815 0.595255 0.0465328
0.848475 0.760482 1.01277 0.030632
0.855566 -0.036799 0.327218 0.0501047
-0.0225 0.0755194 0.523888 0.0373642
0.518427 0.511741 1.01302 0.0728522
-0.043583 0.874734 0.341891 0.0830158
0.738857 0.748209 -0.031146 0.0530326
0.840014 0.364516 -0.031208 0.0398048
0.654462 0.537034 -0.021659 0.0697949
0.22809 0.697242 -0.027274 0.0476506
0.843932 0.22086 -0.037848 0.0584928
0.207324 -0.019648 0.665394 0.0252695
0.918005 1.01555 0.520804 0.0389165
0.235086 0.291119 1.0122 0.0348512
0.605795 0.198742 -0.023806 0.0429829
0.494755 1.0212 0.902942 0.0455957
1.00322 0.49773 0.536065 0.0221596
0.211255 0.827981 -0.045463 0.0854165
0.101848 1.02665 0.550516 0.052328
1.0413 0.293373 0.121345 0.0601096
0.738643 0.810195 1.02808 0.0326969
0.762867 1.00295 0.331161 0.0350963
0.0894427 1.01396 0.0626919 0.037032
0.108992 0.262477 -0.04099 0.0473186
1.01977 0.45409 0.252232 0.0415399
0.322808 0.321967 1.01341 0.0581444
0.266801 1.05873 0.807871 0.061324
1.03035 0.237701 0.674878 0.0378285
0.421948 0.534747 1.00733 0.0264946
0.341891 -0.053639 0.839465 0.0640333
0.870575 -0.04249 0.859073 0.0446707
1.01011 0.639709 0.403186 0.0442277
0.126049 0.860938 1.03148 0.0340261
1.01876 0.896383 0.166383 0.0288337
-0.005671 0.0449131 0.0250937 0.0160519
-0.03245 0.564742 0.896969 0.0418576
